<?xml version="1.0" encoding="UTF-8"?>
<testng-results ignored="0" total="1" passed="1" failed="0" skipped="0">
  <reporter-output>
  </reporter-output>
  <suite started-at="2024-05-30T16:11:25 BDT" name="Default suite" finished-at="2024-05-30T16:11:25 BDT" duration-ms="32">
    <groups>
    </groups>
    <test started-at="2024-05-30T16:11:25 BDT" name="Default test" finished-at="2024-05-30T16:11:25 BDT" duration-ms="32">
      <class name="ui.LocatorsTest">
        <test-method signature="locatorTest()[pri:0, instance:ui.LocatorsTest@e350b40]" started-at="2024-05-30T16:11:25 BDT" name="locatorTest" finished-at="2024-05-30T16:11:25 BDT" duration-ms="5" status="PASS">
          <reporter-output>
          </reporter-output>
        </test-method> <!-- locatorTest -->
      </class> <!-- ui.LocatorsTest -->
    </test> <!-- Default test -->
  </suite> <!-- Default suite -->
</testng-results>
